2022-09-23 16:29:03,754 - lasio.reader - INFO - ascii was found by ad hoc to work but note it might not be the correct encoding
2022-09-23 16:29:03,755 - lasio.reader - INFO - Opening input/well2withoutdips/GRwell2withoutdips.las as ascii and treating errors with "replace"
2022-09-23 16:29:03,948 - pyswarms.single.global_best - INFO - Optimize for 50 iters with {'c1': 1, 'c2': 1.3, 'w': 0.3}
2022-09-23 16:29:45,311 - lasio.reader - INFO - ascii was found by ad hoc to work but note it might not be the correct encoding
2022-09-23 16:29:45,311 - lasio.reader - INFO - Opening input/well2withoutdips/GRwell2withoutdips.las as ascii and treating errors with "replace"
2022-09-23 16:29:45,545 - pyswarms.single.global_best - INFO - Optimize for 50 iters with {'c1': 1, 'c2': 1.3, 'w': 0.3}
2022-09-23 16:32:21,653 - pyswarms.single.global_best - INFO - Optimization finished | best cost: 1.8672277478613184, best pos: [-0.01280912 -2.07249268 -3.07443951 -3.33318848 -2.76146061  0.03259598
  0.03135821 -2.71405984 -4.53392401  0.80326175]
2022-09-23 16:33:01,437 - pyswarms.single.global_best - INFO - Optimization finished | best cost: 2.736368157473794, best pos: [ 0.04926676 -1.66989599 -3.61975017 -1.68258376 -4.19229307 -0.65020761
  0.26944172 -0.44845964  1.11561276 -2.88506949]
2022-09-23 16:38:41,878 - lasio.reader - INFO - ascii was found by ad hoc to work but note it might not be the correct encoding
2022-09-23 16:38:41,878 - lasio.reader - INFO - Opening input/well2withoutdips/GRwell2withoutdips.las as ascii and treating errors with "replace"
2022-09-23 16:39:51,917 - lasio.reader - INFO - ascii was found by ad hoc to work but note it might not be the correct encoding
2022-09-23 16:39:51,917 - lasio.reader - INFO - Opening input/well2withoutdips/GRwell2withoutdips.las as ascii and treating errors with "replace"
2022-09-23 16:40:22,561 - lasio.reader - INFO - ascii was found by ad hoc to work but note it might not be the correct encoding
2022-09-23 16:40:22,562 - lasio.reader - INFO - Opening input/well2withoutdips/GRwell2withoutdips.las as ascii and treating errors with "replace"
2022-09-23 16:40:22,759 - pyswarms.single.global_best - INFO - Optimize for 50 iters with {'c1': 1, 'c2': 1.3, 'w': 0.3}
2022-09-23 16:42:58,376 - pyswarms.single.global_best - INFO - Optimization finished | best cost: 2.2504029349589607, best pos: [-0.01513937 -2.06498949 -3.11103014 -3.43662924 -2.02843871 -1.74650169
  1.16290067 -2.89906382 -3.18992658  1.69858564]
2022-09-23 16:44:11,034 - lasio.reader - INFO - ascii was found by ad hoc to work but note it might not be the correct encoding
2022-09-23 16:44:11,034 - lasio.reader - INFO - Opening input/well2withoutdips/GRwell2withoutdips.las as ascii and treating errors with "replace"
2022-09-23 16:44:11,239 - pyswarms.single.global_best - INFO - Optimize for 50 iters with {'c1': 1, 'c2': 1.3, 'w': 0.3}
2022-09-23 16:46:43,199 - pyswarms.single.global_best - INFO - Optimization finished | best cost: 3.1866471651975776, best pos: [-0.04719245 -2.98245366 -2.98722676 -1.64612814 -3.48698028 -0.64346826
  0.32101247 -0.478822    1.11592245 -2.88911325]
2022-09-23 16:47:15,710 - lasio.reader - INFO - ascii was found by ad hoc to work but note it might not be the correct encoding
2022-09-23 16:47:15,710 - lasio.reader - INFO - Opening input/well2withoutdips/GRwell2withoutdips.las as ascii and treating errors with "replace"
2022-09-23 16:47:15,910 - pyswarms.single.global_best - INFO - Optimize for 50 iters with {'c1': 1, 'c2': 1.3, 'w': 0.3}
2022-09-23 16:50:20,002 - lasio.reader - INFO - ascii was found by ad hoc to work but note it might not be the correct encoding
2022-09-23 16:50:20,002 - lasio.reader - INFO - Opening input/well2withoutdips/GRwell2withoutdips.las as ascii and treating errors with "replace"
2022-09-23 16:50:20,199 - pyswarms.single.global_best - INFO - Optimize for 50 iters with {'c1': 1, 'c2': 1.3, 'w': 0.3}
2022-09-23 16:50:45,160 - lasio.reader - INFO - ascii was found by ad hoc to work but note it might not be the correct encoding
2022-09-23 16:50:45,160 - lasio.reader - INFO - Opening input/well2withoutdips/GRwell2withoutdips.las as ascii and treating errors with "replace"
2022-09-23 16:50:45,363 - pyswarms.single.global_best - INFO - Optimize for 50 iters with {'c1': 1, 'c2': 1.3, 'w': 0.3}
2022-09-23 16:51:27,179 - lasio.reader - INFO - ascii was found by ad hoc to work but note it might not be the correct encoding
2022-09-23 16:51:27,180 - lasio.reader - INFO - Opening input/well2withoutdips/GRwell2withoutdips.las as ascii and treating errors with "replace"
2022-09-23 16:51:27,378 - pyswarms.single.global_best - INFO - Optimize for 50 iters with {'c1': 1, 'c2': 1.3, 'w': 0.3}
2022-09-23 16:51:54,364 - lasio.reader - INFO - ascii was found by ad hoc to work but note it might not be the correct encoding
2022-09-23 16:51:54,364 - lasio.reader - INFO - Opening input/well2withoutdips/GRwell2withoutdips.las as ascii and treating errors with "replace"
2022-09-23 16:51:54,558 - pyswarms.single.global_best - INFO - Optimize for 50 iters with {'c1': 1, 'c2': 1.3, 'w': 0.3}
2022-09-23 18:03:07,270 - lasio.reader - INFO - ascii was found by ad hoc to work but note it might not be the correct encoding
2022-09-23 18:03:07,270 - lasio.reader - INFO - Opening input/well2withoutdips/GRwell2withoutdips.las as ascii and treating errors with "replace"
2022-09-23 18:03:07,465 - pyswarms.single.global_best - INFO - Optimize for 50 iters with {'c1': 1, 'c2': 1.3, 'w': 0.3}
